<?xml version="1.0" encoding="UTF-8"?>
<!-- Generated by org.testng.reporters.JUnitXMLReporter -->
<testsuite hostname="USBLRRKALALE1MB" ignored="0" name="BankingApp Chrome Test" tests="2" failures="0" timestamp="18 Nov 2019 13:00:46 GMT" time="31.377" errors="0">
  <testcase name="logiDDT" time="1.691" classname="com.inetBanking.testCases.TC_LoginTest_001"/>
  <testcase name="addNewCutomer" time="9.859" classname="com.inetBanking.testCases.TC_AddCustomerTest_003"/>
</testsuite> <!-- BankingApp Chrome Test -->
