<?xml version="1.0" encoding="UTF-8"?>
<testng-results skipped="0" failed="0" ignored="0" total="2" passed="2">
  <reporter-output>
  </reporter-output>
  <suite name="InetBankingV1" duration-ms="31377" started-at="2019-11-18T13:00:15Z" finished-at="2019-11-18T13:00:46Z">
    <groups>
    </groups>
    <test name="BankingApp Chrome Test" duration-ms="31377" started-at="2019-11-18T13:00:15Z" finished-at="2019-11-18T13:00:46Z">
      <class name="com.inetBanking.testCases.TC_AddCustomerTest_003">
        <test-method status="PASS" signature="setup(java.lang.String)[pri:0, instance:com.inetBanking.testCases.TC_AddCustomerTest_003@71be98f5]" name="setup" is-config="true" duration-ms="5899" started-at="2019-11-18T13:00:31Z" finished-at="2019-11-18T13:00:36Z">
          <params>
            <param index="0">
              <value>
                <![CDATA[chrome]]>
              </value>
            </param>
          </params>
          <reporter-output>
          </reporter-output>
        </test-method> <!-- setup -->
        <test-method status="PASS" signature="addNewCutomer()[pri:0, instance:com.inetBanking.testCases.TC_AddCustomerTest_003@71be98f5]" name="addNewCutomer" duration-ms="9859" started-at="2019-11-18T13:00:36Z" finished-at="2019-11-18T13:00:46Z">
          <reporter-output>
          </reporter-output>
        </test-method> <!-- addNewCutomer -->
        <test-method status="PASS" signature="tearDown()[pri:0, instance:com.inetBanking.testCases.TC_AddCustomerTest_003@71be98f5]" name="tearDown" is-config="true" duration-ms="102" started-at="2019-11-18T13:00:46Z" finished-at="2019-11-18T13:00:46Z">
          <reporter-output>
          </reporter-output>
        </test-method> <!-- tearDown -->
      </class> <!-- com.inetBanking.testCases.TC_AddCustomerTest_003 -->
      <class name="com.inetBanking.testCases.TC_LoginTest_001">
        <test-method status="PASS" signature="setup(java.lang.String)[pri:0, instance:com.inetBanking.testCases.TC_LoginTest_001@7a0ac6e3]" name="setup" is-config="true" duration-ms="13574" started-at="2019-11-18T13:00:15Z" finished-at="2019-11-18T13:00:29Z">
          <params>
            <param index="0">
              <value>
                <![CDATA[chrome]]>
              </value>
            </param>
          </params>
          <reporter-output>
          </reporter-output>
        </test-method> <!-- setup -->
        <test-method status="PASS" signature="logiDDT()[pri:0, instance:com.inetBanking.testCases.TC_LoginTest_001@7a0ac6e3]" name="logiDDT" duration-ms="1691" started-at="2019-11-18T13:00:29Z" finished-at="2019-11-18T13:00:30Z">
          <reporter-output>
          </reporter-output>
        </test-method> <!-- logiDDT -->
        <test-method status="PASS" signature="tearDown()[pri:0, instance:com.inetBanking.testCases.TC_LoginTest_001@7a0ac6e3]" name="tearDown" is-config="true" duration-ms="87" started-at="2019-11-18T13:00:30Z" finished-at="2019-11-18T13:00:31Z">
          <reporter-output>
          </reporter-output>
        </test-method> <!-- tearDown -->
      </class> <!-- com.inetBanking.testCases.TC_LoginTest_001 -->
    </test> <!-- BankingApp Chrome Test -->
  </suite> <!-- InetBankingV1 -->
</testng-results>
